{"/Users/chris.ianson/node/handling-js-data/connectors/user-connector-typescript.ts": {"path":"/Users/chris.ianson/node/handling-js-data/connectors/user-connector-typescript.ts","statementMap":{"0":{"start":{"line":1,"column":0},"end":{"line":1,"column":26}},"1":{"start":{"line":4,"column":2},"end":{"line":4,"column":50}},"2":{"start":{"line":3,"column":0},"end":{"line":3,"column":22}},"3":{"start":{"line":8,"column":2},"end":{"line":8,"column":56}},"4":{"start":{"line":7,"column":0},"end":{"line":7,"column":22}}},"fnMap":{"0":{"name":"getUsers","decl":{"start":{"line":3,"column":22},"end":{"line":3,"column":30}},"loc":{"start":{"line":3,"column":30},"end":{"line":5,"column":null}}},"1":{"name":"getUsersByID","decl":{"start":{"line":7,"column":22},"end":{"line":7,"column":34}},"loc":{"start":{"line":7,"column":45},"end":{"line":9,"column":null}}}},"branchMap":{},"s":{"0":3,"1":1,"2":3,"3":1,"4":3},"f":{"0":1,"1":1},"b":{}}
,"/Users/chris.ianson/node/handling-js-data/models/User.ts": {"path":"/Users/chris.ianson/node/handling-js-data/models/User.ts","statementMap":{"0":{"start":{"line":1,"column":0},"end":{"line":1,"column":26}},"1":{"start":{"line":2,"column":0},"end":{"line":2,"column":75}},"2":{"start":{"line":3,"column":0},"end":{"line":3,"column":35}},"3":{"start":{"line":44,"column":2},"end":{"line":44,"column":80}},"4":{"start":{"line":44,"column":40},"end":{"line":44,"column":79}},"5":{"start":{"line":33,"column":4},"end":{"line":33,"column":74}},"6":{"start":{"line":37,"column":4},"end":{"line":37,"column":59}},"7":{"start":{"line":41,"column":4},"end":{"line":41,"column":null}},"8":{"start":{"line":47,"column":24},"end":{"line":47,"column":43}},"9":{"start":{"line":48,"column":22},"end":{"line":48,"column":50}},"10":{"start":{"line":49,"column":4},"end":{"line":49,"column":35}},"11":{"start":{"line":10,"column":2},"end":{"line":10,"column":null}},"12":{"start":{"line":13,"column":2},"end":{"line":13,"column":null}},"13":{"start":{"line":18,"column":2},"end":{"line":18,"column":null}},"14":{"start":{"line":16,"column":14},"end":{"line":16,"column":20}},"15":{"start":{"line":17,"column":27},"end":{"line":17,"column":53}},"16":{"start":{"line":21,"column":2},"end":{"line":21,"column":null}},"17":{"start":{"line":24,"column":2},"end":{"line":24,"column":null}},"18":{"start":{"line":27,"column":2},"end":{"line":27,"column":null}},"19":{"start":{"line":30,"column":2},"end":{"line":30,"column":null}},"20":{"start":{"line":7,"column":0},"end":{"line":7,"column":21}}},"fnMap":{"0":{"name":"(anonymous_2)","decl":{"start":{"line":7,"column":0},"end":{"line":7,"column":21}},"loc":{"start":{"line":7,"column":0},"end":{"line":51,"column":1}}},"1":{"name":"(anonymous_3)","decl":{"start":{"line":44,"column":25},"end":{"line":44,"column":37}},"loc":{"start":{"line":44,"column":40},"end":{"line":44,"column":79}}},"2":{"name":"(anonymous_4)","decl":{"start":{"line":32,"column":2},"end":{"line":32,"column":8}},"loc":{"start":{"line":32,"column":35},"end":{"line":34,"column":3}}},"3":{"name":"(anonymous_5)","decl":{"start":{"line":36,"column":2},"end":{"line":36,"column":13}},"loc":{"start":{"line":36,"column":13},"end":{"line":38,"column":3}}},"4":{"name":"(anonymous_6)","decl":{"start":{"line":40,"column":2},"end":{"line":40,"column":24}},"loc":{"start":{"line":40,"column":24},"end":{"line":42,"column":3}}},"5":{"name":"(anonymous_7)","decl":{"start":{"line":46,"column":2},"end":{"line":46,"column":8}},"loc":{"start":{"line":46,"column":8},"end":{"line":50,"column":3}}},"6":{"name":"(anonymous_8)","decl":{"start":{"line":16,"column":8},"end":{"line":16,"column":11}},"loc":{"start":{"line":16,"column":14},"end":{"line":16,"column":20}}},"7":{"name":"(anonymous_9)","decl":{"start":{"line":17,"column":13},"end":{"line":17,"column":14}},"loc":{"start":{"line":17,"column":27},"end":{"line":17,"column":53}}}},"branchMap":{"0":{"loc":{"start":{"line":37,"column":11},"end":{"line":37,"column":58}},"type":"cond-expr","locations":[{"start":{"line":37,"column":25},"end":{"line":37,"column":40}},{"start":{"line":37,"column":43},"end":{"line":37,"column":58}}]},"1":{"loc":{"start":{"line":41,"column":12},"end":{"line":41,"column":75}},"type":"cond-expr","locations":[{"start":{"line":41,"column":30},"end":{"line":41,"column":50}},{"start":{"line":41,"column":53},"end":{"line":41,"column":75}}]}},"s":{"0":4,"1":4,"2":4,"3":3,"4":2,"5":4,"6":2,"7":2,"8":2,"9":2,"10":2,"11":4,"12":4,"13":4,"14":3,"15":3,"16":4,"17":4,"18":4,"19":4,"20":4},"f":{"0":3,"1":2,"2":4,"3":2,"4":2,"5":2,"6":3,"7":3},"b":{"0":[2,0],"1":[0,2]}}
,"/Users/chris.ianson/node/handling-js-data/routes/users-typescript.ts": {"path":"/Users/chris.ianson/node/handling-js-data/routes/users-typescript.ts","statementMap":{"0":{"start":{"line":1,"column":0},"end":{"line":1,"column":52}},"1":{"start":{"line":3,"column":15},"end":{"line":3,"column":23}},"2":{"start":{"line":5,"column":0},"end":{"line":5,"column":67}},"3":{"start":{"line":8,"column":0},"end":{"line":14,"column":3}},"4":{"start":{"line":9,"column":4},"end":{"line":13,"column":7}},"5":{"start":{"line":10,"column":6},"end":{"line":10,"column":67}},"6":{"start":{"line":12,"column":6},"end":{"line":12,"column":26}},"7":{"start":{"line":16,"column":0},"end":{"line":29,"column":3}},"8":{"start":{"line":24,"column":2},"end":{"line":28,"column":5}},"9":{"start":{"line":25,"column":4},"end":{"line":25,"column":63}},"10":{"start":{"line":27,"column":4},"end":{"line":27,"column":24}},"11":{"start":{"line":31,"column":0},"end":{"line":31,"column":24}}},"fnMap":{"0":{"name":"(anonymous_6)","decl":{"start":{"line":8,"column":16},"end":{"line":8,"column":25}},"loc":{"start":{"line":8,"column":51},"end":{"line":14,"column":1}}},"1":{"name":"(anonymous_7)","decl":{"start":{"line":9,"column":32},"end":{"line":9,"column":33}},"loc":{"start":{"line":9,"column":53},"end":{"line":11,"column":5}}},"2":{"name":"(anonymous_8)","decl":{"start":{"line":11,"column":13},"end":{"line":11,"column":14}},"loc":{"start":{"line":11,"column":17},"end":{"line":13,"column":5}}},"3":{"name":"(anonymous_9)","decl":{"start":{"line":16,"column":19},"end":{"line":16,"column":28}},"loc":{"start":{"line":16,"column":54},"end":{"line":29,"column":1}}},"4":{"name":"(anonymous_10)","decl":{"start":{"line":24,"column":47},"end":{"line":24,"column":48}},"loc":{"start":{"line":24,"column":78},"end":{"line":26,"column":3}}},"5":{"name":"(anonymous_11)","decl":{"start":{"line":26,"column":11},"end":{"line":26,"column":12}},"loc":{"start":{"line":26,"column":15},"end":{"line":28,"column":3}}}},"branchMap":{},"s":{"0":1,"1":1,"2":1,"3":1,"4":3,"5":2,"6":1,"7":1,"8":3,"9":2,"10":1,"11":1},"f":{"0":3,"1":2,"2":1,"3":3,"4":2,"5":1},"b":{}}
,"/Users/chris.ianson/node/handling-js-data/services/user-service-typescript.ts": {"path":"/Users/chris.ianson/node/handling-js-data/services/user-service-typescript.ts","statementMap":{"0":{"start":{"line":1,"column":0},"end":{"line":1,"column":72}},"1":{"start":{"line":2,"column":0},"end":{"line":2,"column":34}},"2":{"start":{"line":6,"column":2},"end":{"line":13,"column":null}},"3":{"start":{"line":7,"column":4},"end":{"line":7,"column":43}},"4":{"start":{"line":9,"column":4},"end":{"line":11,"column":null}},"5":{"start":{"line":10,"column":6},"end":{"line":10,"column":16}},"6":{"start":{"line":12,"column":4},"end":{"line":12,"column":null}},"7":{"start":{"line":5,"column":0},"end":{"line":5,"column":22}},"8":{"start":{"line":17,"column":2},"end":{"line":25,"column":null}},"9":{"start":{"line":18,"column":26},"end":{"line":18,"column":57}},"10":{"start":{"line":19,"column":4},"end":{"line":19,"column":20}},"11":{"start":{"line":21,"column":4},"end":{"line":23,"column":null}},"12":{"start":{"line":22,"column":6},"end":{"line":22,"column":23}},"13":{"start":{"line":24,"column":4},"end":{"line":24,"column":12}},"14":{"start":{"line":16,"column":0},"end":{"line":16,"column":22}}},"fnMap":{"0":{"name":"getUsers","decl":{"start":{"line":5,"column":22},"end":{"line":5,"column":30}},"loc":{"start":{"line":5,"column":30},"end":{"line":14,"column":null}}},"1":{"name":"(anonymous_16)","decl":{"start":{"line":6,"column":45},"end":{"line":6,"column":46}},"loc":{"start":{"line":6,"column":63},"end":{"line":8,"column":3}}},"2":{"name":"(anonymous_17)","decl":{"start":{"line":8,"column":11},"end":{"line":8,"column":12}},"loc":{"start":{"line":8,"column":29},"end":{"line":13,"column":3}}},"3":{"name":"getUsersByID","decl":{"start":{"line":16,"column":22},"end":{"line":16,"column":34}},"loc":{"start":{"line":16,"column":45},"end":{"line":26,"column":null}}},"4":{"name":"(anonymous_20)","decl":{"start":{"line":17,"column":51},"end":{"line":17,"column":52}},"loc":{"start":{"line":17,"column":69},"end":{"line":20,"column":3}}},"5":{"name":"(anonymous_21)","decl":{"start":{"line":20,"column":11},"end":{"line":20,"column":12}},"loc":{"start":{"line":20,"column":29},"end":{"line":25,"column":3}}}},"branchMap":{"0":{"loc":{"start":{"line":9,"column":4},"end":{"line":11,"column":null}},"type":"if","locations":[{"start":{"line":9,"column":4},"end":{"line":11,"column":null}}]},"1":{"loc":{"start":{"line":9,"column":7},"end":{"line":9,"column":25}},"type":"cond-expr","locations":[{"start":{"line":9,"column":17},"end":{"line":9,"column":19}},{"start":{"line":9,"column":17},"end":{"line":9,"column":25}}]},"2":{"loc":{"start":{"line":9,"column":7},"end":{"line":9,"column":19}},"type":"binary-expr","locations":[{"start":{"line":9,"column":7},"end":{"line":9,"column":19}},{"start":{"line":9,"column":17},"end":{"line":9,"column":19}}]},"3":{"loc":{"start":{"line":21,"column":4},"end":{"line":23,"column":null}},"type":"if","locations":[{"start":{"line":21,"column":4},"end":{"line":23,"column":null}}]},"4":{"loc":{"start":{"line":21,"column":7},"end":{"line":21,"column":25}},"type":"cond-expr","locations":[{"start":{"line":21,"column":17},"end":{"line":21,"column":19}},{"start":{"line":21,"column":17},"end":{"line":21,"column":25}}]},"5":{"loc":{"start":{"line":21,"column":7},"end":{"line":21,"column":19}},"type":"binary-expr","locations":[{"start":{"line":21,"column":7},"end":{"line":21,"column":19}},{"start":{"line":21,"column":17},"end":{"line":21,"column":19}}]}},"s":{"0":2,"1":2,"2":4,"3":1,"4":3,"5":1,"6":2,"7":2,"8":4,"9":1,"10":1,"11":3,"12":1,"13":2,"14":2},"f":{"0":4,"1":1,"2":3,"3":4,"4":1,"5":3},"b":{"0":[1],"1":[1,2],"2":[3,3],"3":[1],"4":[1,2],"5":[3,3]}}
}
