TN:
SF:connectors/user-connector-typescript.ts
FN:3,getUsers
FN:7,getUsersByID
FNF:2
FNH:2
FNDA:1,getUsers
FNDA:1,getUsersByID
DA:1,3
DA:3,3
DA:4,1
DA:7,3
DA:8,1
LF:5
LH:5
BRF:0
BRH:0
end_of_record
TN:
SF:models/User.ts
FN:7,(anonymous_2)
FN:44,(anonymous_3)
FN:32,(anonymous_4)
FN:36,(anonymous_5)
FN:40,(anonymous_6)
FN:46,(anonymous_7)
FN:16,(anonymous_8)
FN:17,(anonymous_9)
FNF:8
FNH:8
FNDA:3,(anonymous_2)
FNDA:2,(anonymous_3)
FNDA:4,(anonymous_4)
FNDA:2,(anonymous_5)
FNDA:2,(anonymous_6)
FNDA:2,(anonymous_7)
FNDA:3,(anonymous_8)
FNDA:3,(anonymous_9)
DA:1,4
DA:2,4
DA:3,4
DA:7,4
DA:10,4
DA:13,4
DA:16,3
DA:17,3
DA:18,4
DA:21,4
DA:24,4
DA:27,4
DA:30,4
DA:33,4
DA:37,2
DA:41,2
DA:44,3
DA:47,2
DA:48,2
DA:49,2
LF:20
LH:20
BRDA:37,0,0,2
BRDA:37,0,1,0
BRDA:41,1,0,0
BRDA:41,1,1,2
BRF:4
BRH:2
end_of_record
TN:
SF:routes/users-typescript.ts
FN:8,(anonymous_6)
FN:9,(anonymous_7)
FN:11,(anonymous_8)
FN:16,(anonymous_9)
FN:24,(anonymous_10)
FN:26,(anonymous_11)
FNF:6
FNH:6
FNDA:3,(anonymous_6)
FNDA:2,(anonymous_7)
FNDA:1,(anonymous_8)
FNDA:3,(anonymous_9)
FNDA:2,(anonymous_10)
FNDA:1,(anonymous_11)
DA:1,1
DA:3,1
DA:5,1
DA:8,1
DA:9,3
DA:10,2
DA:12,1
DA:16,1
DA:24,3
DA:25,2
DA:27,1
DA:31,1
LF:12
LH:12
BRF:0
BRH:0
end_of_record
TN:
SF:services/user-service-typescript.ts
FN:5,getUsers
FN:6,(anonymous_16)
FN:8,(anonymous_17)
FN:16,getUsersByID
FN:17,(anonymous_20)
FN:20,(anonymous_21)
FNF:6
FNH:6
FNDA:4,getUsers
FNDA:1,(anonymous_16)
FNDA:3,(anonymous_17)
FNDA:4,getUsersByID
FNDA:1,(anonymous_20)
FNDA:3,(anonymous_21)
DA:1,2
DA:2,2
DA:5,2
DA:6,4
DA:7,1
DA:9,3
DA:10,1
DA:12,2
DA:16,2
DA:17,4
DA:18,1
DA:19,1
DA:21,3
DA:22,1
DA:24,2
LF:15
LH:15
BRDA:9,0,0,1
BRDA:9,1,0,1
BRDA:9,1,1,2
BRDA:9,2,0,3
BRDA:9,2,1,3
BRDA:21,3,0,1
BRDA:21,4,0,1
BRDA:21,4,1,2
BRDA:21,5,0,3
BRDA:21,5,1,3
BRF:10
BRH:10
end_of_record
